<?xml version="1.0" encoding="UTF-8"?>
<testsuite name="com.example.tictactoe.TicTacToeTest" tests="5" skipped="0" failures="0" errors="0" timestamp="2025-02-19T02:47:15" hostname="Ryans-MacBook-Pro.local" time="0.39">
  <properties/>
  <testcase name="testInvalidMove()" classname="com.example.tictactoe.TicTacToeTest" time="0.331"/>
  <testcase name="testMockitoIntegration()" classname="com.example.tictactoe.TicTacToeTest" time="0.049"/>
  <testcase name="testWinCondition()" classname="com.example.tictactoe.TicTacToeTest" time="0.003"/>
  <testcase name="testInitialState()" classname="com.example.tictactoe.TicTacToeTest" time="0.002"/>
  <testcase name="testDrawCondition()" classname="com.example.tictactoe.TicTacToeTest" time="0.002"/>
  <system-out><![CDATA[18:47:15.453 [ForkJoinPool-1-worker-1] DEBUG com.example.tictactoe.TicTacToeBoard -- Board initialized
18:47:15.454 [ForkJoinPool-1-worker-1] INFO com.example.tictactoe.TicTacToe -- New game started
18:47:15.454 [ForkJoinPool-1-worker-1] INFO com.example.tictactoe.TicTacToeTest -- Game instance created for tests.
18:47:15.455 [ForkJoinPool-1-worker-1] DEBUG com.example.tictactoe.TicTacToeBoard -- Move made: player=X, row=0, col=0
18:47:15.455 [ForkJoinPool-1-worker-1] DEBUG com.example.tictactoe.TicTacToe -- Next turn: Player O
18:47:15.456 [ForkJoinPool-1-worker-1] ERROR com.example.tictactoe.TicTacToeBoard -- Cell already occupied: row=0, col=0
18:47:15.456 [ForkJoinPool-1-worker-1] ERROR com.example.tictactoe.TicTacToe -- Invalid move: row=0, col=0
18:47:15.456 [ForkJoinPool-1-worker-1] ERROR com.example.tictactoe.TicTacToeTest -- Expected exception caught: Invalid move
18:47:15.460 [ForkJoinPool-1-worker-1] DEBUG com.example.tictactoe.TicTacToeBoard -- Board initialized
18:47:15.460 [ForkJoinPool-1-worker-1] INFO com.example.tictactoe.TicTacToe -- New game started
18:47:15.460 [ForkJoinPool-1-worker-1] INFO com.example.tictactoe.TicTacToeTest -- Game instance created for tests.
18:47:15.507 [ForkJoinPool-1-worker-1] INFO com.example.tictactoe.TicTacToeTest -- Mockito integration test passed.
18:47:15.511 [ForkJoinPool-1-worker-1] DEBUG com.example.tictactoe.TicTacToeBoard -- Board initialized
18:47:15.511 [ForkJoinPool-1-worker-1] INFO com.example.tictactoe.TicTacToe -- New game started
18:47:15.511 [ForkJoinPool-1-worker-1] INFO com.example.tictactoe.TicTacToeTest -- Game instance created for tests.
18:47:15.512 [ForkJoinPool-1-worker-1] DEBUG com.example.tictactoe.TicTacToeBoard -- Move made: player=X, row=0, col=0
18:47:15.512 [ForkJoinPool-1-worker-1] DEBUG com.example.tictactoe.TicTacToe -- Next turn: Player O
18:47:15.512 [ForkJoinPool-1-worker-1] DEBUG com.example.tictactoe.TicTacToeBoard -- Move made: player=O, row=1, col=1
18:47:15.512 [ForkJoinPool-1-worker-1] DEBUG com.example.tictactoe.TicTacToe -- Next turn: Player X
18:47:15.512 [ForkJoinPool-1-worker-1] DEBUG com.example.tictactoe.TicTacToeBoard -- Move made: player=X, row=0, col=1
18:47:15.512 [ForkJoinPool-1-worker-1] DEBUG com.example.tictactoe.TicTacToe -- Next turn: Player O
18:47:15.512 [ForkJoinPool-1-worker-1] DEBUG com.example.tictactoe.TicTacToeBoard -- Move made: player=O, row=1, col=2
18:47:15.512 [ForkJoinPool-1-worker-1] DEBUG com.example.tictactoe.TicTacToe -- Next turn: Player X
18:47:15.512 [ForkJoinPool-1-worker-1] DEBUG com.example.tictactoe.TicTacToeBoard -- Move made: player=X, row=0, col=2
18:47:15.513 [ForkJoinPool-1-worker-1] INFO com.example.tictactoe.TicTacToe -- Player X wins!
18:47:15.513 [ForkJoinPool-1-worker-1] DEBUG com.example.tictactoe.TicTacToeTest -- testWinCondition passed with X winning.
18:47:15.514 [ForkJoinPool-1-worker-1] DEBUG com.example.tictactoe.TicTacToeBoard -- Board initialized
18:47:15.514 [ForkJoinPool-1-worker-1] INFO com.example.tictactoe.TicTacToe -- New game started
18:47:15.514 [ForkJoinPool-1-worker-1] INFO com.example.tictactoe.TicTacToeTest -- Game instance created for tests.
18:47:15.516 [ForkJoinPool-1-worker-1] DEBUG com.example.tictactoe.TicTacToeBoard -- Board initialized
18:47:15.516 [ForkJoinPool-1-worker-1] INFO com.example.tictactoe.TicTacToe -- New game started
18:47:15.516 [ForkJoinPool-1-worker-1] INFO com.example.tictactoe.TicTacToeTest -- Game instance created for tests.
18:47:15.517 [ForkJoinPool-1-worker-1] DEBUG com.example.tictactoe.TicTacToeBoard -- Move made: player=X, row=0, col=0
18:47:15.517 [ForkJoinPool-1-worker-1] DEBUG com.example.tictactoe.TicTacToe -- Next turn: Player O
18:47:15.517 [ForkJoinPool-1-worker-1] DEBUG com.example.tictactoe.TicTacToeBoard -- Move made: player=O, row=0, col=1
18:47:15.517 [ForkJoinPool-1-worker-1] DEBUG com.example.tictactoe.TicTacToe -- Next turn: Player X
18:47:15.517 [ForkJoinPool-1-worker-1] DEBUG com.example.tictactoe.TicTacToeBoard -- Move made: player=X, row=0, col=2
18:47:15.517 [ForkJoinPool-1-worker-1] DEBUG com.example.tictactoe.TicTacToe -- Next turn: Player O
18:47:15.517 [ForkJoinPool-1-worker-1] DEBUG com.example.tictactoe.TicTacToeBoard -- Move made: player=O, row=1, col=1
18:47:15.517 [ForkJoinPool-1-worker-1] DEBUG com.example.tictactoe.TicTacToe -- Next turn: Player X
18:47:15.517 [ForkJoinPool-1-worker-1] DEBUG com.example.tictactoe.TicTacToeBoard -- Move made: player=X, row=1, col=0
18:47:15.517 [ForkJoinPool-1-worker-1] DEBUG com.example.tictactoe.TicTacToe -- Next turn: Player O
18:47:15.517 [ForkJoinPool-1-worker-1] DEBUG com.example.tictactoe.TicTacToeBoard -- Move made: player=O, row=1, col=2
18:47:15.517 [ForkJoinPool-1-worker-1] DEBUG com.example.tictactoe.TicTacToe -- Next turn: Player X
18:47:15.517 [ForkJoinPool-1-worker-1] DEBUG com.example.tictactoe.TicTacToeBoard -- Move made: player=X, row=2, col=1
18:47:15.517 [ForkJoinPool-1-worker-1] DEBUG com.example.tictactoe.TicTacToe -- Next turn: Player O
18:47:15.517 [ForkJoinPool-1-worker-1] DEBUG com.example.tictactoe.TicTacToeBoard -- Move made: player=O, row=2, col=0
18:47:15.517 [ForkJoinPool-1-worker-1] DEBUG com.example.tictactoe.TicTacToe -- Next turn: Player X
18:47:15.517 [ForkJoinPool-1-worker-1] DEBUG com.example.tictactoe.TicTacToeBoard -- Move made: player=X, row=2, col=2
18:47:15.517 [ForkJoinPool-1-worker-1] INFO com.example.tictactoe.TicTacToe -- Game ends in a draw
18:47:15.517 [ForkJoinPool-1-worker-1] INFO com.example.tictactoe.TicTacToeTest -- testDrawCondition confirms a draw state correctly.
]]></system-out>
  <system-err><![CDATA[WARNING: A Java agent has been loaded dynamically (/Users/ryanoates/.gradle/caches/modules-2/files-2.1/net.bytebuddy/byte-buddy-agent/1.14.6/46e2545d7a97b6ccb195621650c5957279eb4812/byte-buddy-agent-1.14.6.jar)
WARNING: If a serviceability tool is in use, please run with -XX:+EnableDynamicAgentLoading to hide this warning
WARNING: If a serviceability tool is not in use, please run with -Djdk.instrument.traceUsage for more information
WARNING: Dynamic loading of agents will be disallowed by default in a future release
]]></system-err>
</testsuite>
